# Category: Support FAQ
# URL: https://www.zrips.net/faq/
# Keywords: pre-sales, presales, purchase, buy, official faq
Pre-sales questions

# Category: Support FAQ
# URL: https://faq.cmi.support/gettingstarted
# Keywords: getting started, setup, install, first steps
Getting Started with CMI

# Category: Support FAQ
# URL: https://faq.cmi.support/running
# Keywords: run, startup, start, launch, plugin loading
How to run the CMI plugin

# Category: Support FAQ
# URL: https://faq.cmi.support/library
# Keywords: cmilib, library, dependency, required plugin
Info about CMI Library

# Category: Support FAQ
# URL: https://faq.cmi.support/import
# Keywords: import, essentialsx, essentials, hd, convert, migration
Converting from EssentialsX / HD

# Category: Support FAQ
# URL: https://faq.cmi.support/economy
# Keywords: economy, money, balance, vault, worth
CMI Economy Manager

# Category: Support FAQ
# URL: https://faq.cmi.support/chat
# Keywords: chat, chat manager, formatting, messages
CMI Chat Manager

# Category: Support FAQ
# URL: https://faq.cmi.support/bungee
# Keywords: bungeecord, velocity, proxy, cross-server
CMI Bungeecord & Velocity

# Category: Support FAQ
# URL: https://faq.cmi.support/joinleave
# Keywords: join leave, quit, message format, chat
CMI Chat + Join / Leave

# Category: Support FAQ
# URL: https://faq.cmi.support/format
# Keywords: group format, chat format, prefixes, suffixes
CMI Chat + Group Format

# Category: Support FAQ
# URL: https://faq.cmi.support/prefix
# Keywords: luckperms, prefix, suffix, chat prefix
CMI Chat + LuckPerms Prefix

# Category: Support FAQ
# URL: https://faq.cmi.support/chatrooms
# Keywords: chatrooms, chat rooms, channels, room chat
CMI Chat + Chatrooms

# Category: Support FAQ
# URL: https://faq.cmi.support/chatfilter
# Keywords: chat filter, chatfilters, filter, censor
CMI Chat + Chatfilters

# Category: Support FAQ
# URL: https://faq.cmi.support/commands
# Keywords: commands, setup commands, aliases, syntax
Setting up CMI Commands

# Category: Support FAQ
# URL: https://faq.cmi.support/specialized
# Keywords: specialized commands, command setup, advanced commands
CMI Specialized Commands

# Category: Support FAQ
# URL: https://faq.cmi.support/eventcommands
# Keywords: event commands, eventcommands, triggers, automation
CMI Event Commands

# Category: Support FAQ
# URL: https://faq.cmi.support/hexcolors
# Keywords: hex colors, minimessage, mini message, rgb, colors
How to use CMI Hex Colors

# Category: Support FAQ
# URL: https://faq.cmi.support/votes
# Keywords: votes, votifier, nuvotifier, vote rewards
CMI + Votes (with NuVotifier)

# Category: Support FAQ
# URL: https://faq.cmi.support/rules
# Keywords: rules command, custom rules, customtext, command example
Creating your own /rules cmd

# Category: Support FAQ
# URL: https://faq.cmi.support/help
# Keywords: help command, custom help, customtext, help page
Creating your own /help cmd

# Category: Support FAQ
# URL: https://faq.cmi.support/motd
# Keywords: motd, message of the day, custom motd
CMI + Custom MOTD

# Category: Support FAQ
# URL: https://faq.cmi.support/ext-cmds
# Keywords: extend commands, extending commands, aliases, custom commands
Extending Commands in CMI

# Category: Support FAQ
# URL: https://faq.cmi.support/social
# Keywords: social commands, discord, twitter, website, links
Adding Social Commands to CMI

# Category: Support FAQ
# URL: https://faq.cmi.support/chance
# Keywords: chance, percentage, random, probability, calculation
Calculate chance

# Category: Support FAQ
# URL: https://faq.cmi.support/more-msg-cmds
# Keywords: msg commands, private message, whisper, pm, mail
More CMI /msg commands

# Category: Support FAQ
# URL: https://faq.cmi.support/safety
# Keywords: safety, secure, permissions, server safety, hardening
Safety tips for Servers

# Category: Support FAQ
# URL: https://faq.cmi.support/trash
# Keywords: trash, trash bin, disposal, gui
How to make a trash bin

# Category: Support FAQ
# URL: https://faq.cmi.support/params
# Keywords: $1, params, placeholders, command params, variables
The CMI $1 params explained

# Category: Support FAQ
# URL: https://faq.cmi.support/mode-stuck
# Keywords: mode stuck, stuck mode, gamemode, issue
Players are stuck on mode x

# Category: Support FAQ
# URL: https://faq.cmi.support/glow
# Keywords: glow, glowing, glow color, team color
CMI /glow information

# Category: Support FAQ
# URL: https://faq.cmi.support/moderation
# Keywords: moderation, mute, ban, jail, warn, staff tools
CMI moderation info

# Category: Support FAQ
# URL: https://faq.cmi.support/toggle
# Keywords: toggle, on off, switch, custom alias
How to make a toggle in CMI

# Category: Support FAQ
# URL: https://faq.cmi.support/migrate
# Keywords: sqlite, mysql, database, migrate, conversion
Migrate SQLite to MySQL db

# Category: Support FAQ
# URL: https://faq.cmi.support/ranks
# Keywords: rankup, ranks, rank system, progression
Rankup System

# Category: Support FAQ
# URL: https://faq.cmi.support/locale
# Keywords: translations, locale, localization, language files
Translations / Locale

# Category: Support FAQ
# URL: https://faq.cmi.support/worth
# Keywords: worth, item worth, economy worth, price list
Economy Worth info

# Category: Zrips pre-sales FAQ
# URL: https://www.zrips.net/faq/
# Answer: SpigotMC is the main official source. BuiltByBit and Polymart are only used for CMI.
# Keywords: official source, legitimate, trusted, spigot, polymart, builtbybit
Which sites are official sources?

# Category: Zrips pre-sales FAQ
# URL: https://www.zrips.net/faq/
# Answer: Yes. One license is enough for a network of servers behind a proxy if the servers are yours.
# Keywords: license, proxy, bungeecord, many servers, network, multiservers
Can I run a premium plugin on two servers or even twenty, if they are all behind BungeeCord?

# Category: Zrips pre-sales FAQ
# URL: https://www.zrips.net/faq/
# Answer: No for your own proxy network. Yes if they are separate individual servers for other people.
# Keywords: multiple licenses, many servers, individual servers, friends, separate servers
Do I have to buy a premium plugin 12 times if I have 12 different individual servers?

# Category: Zrips pre-sales FAQ
# URL: https://www.zrips.net/faq/
# Answer: No. Moving licenses between Polymart, BuiltByBit, and SpigotMC is currently not available.
# Keywords: transfer license, move license, polymart, builtbybit, spigotmc
Can I move from Polymart or Builtbybit to Spigotmc, or vice versa?

# Category: Zrips pre-sales FAQ
# URL: https://www.zrips.net/faq/
# Answer: Yes. A temporary private clone for testing or backup does not need an extra license.
# Keywords: test server, backup server, development clone, extra license
Can I run a local clone as a test-, or backup server for development?

# Category: Zrips pre-sales FAQ
# URL: https://www.zrips.net/faq/
# Answer: Yes, but only for developers working under your contract and not for sharing the plugin generally.
# Keywords: developer access, share jar, contractor, employee, redistribution
Can I share my premium plugin JAR like CMI with my developer?

# Category: Zrips pre-sales FAQ
# URL: https://www.zrips.net/faq/
# Answer: No. Purchases currently only support PayPal.
# Keywords: paypal, payment, card, purchase method, buy
Can I purchase a premium plugin with anything else but PayPal?

# Category: Zrips pre-sales FAQ
# URL: https://www.zrips.net/faq/
# Answer: CMI should be updated on all sites at the same time, but you can reach out if it looks behind.
# Keywords: outdated listing, update delay, polymart, builtbybit, spigot
Can CMI get an update on Polymart and/or Builtbybit, it's behind on Spigot?

# Category: Zrips pre-sales FAQ
# URL: https://www.zrips.net/faq/
# Answer: Code review is allowed, but re-using or distributing the code is not.
# Keywords: decompile, reverse engineer, code review, source, legal
Can I decompile the JAR file for development and review purposes?

# Category: Zrips pre-sales FAQ
# URL: https://www.zrips.net/faq/
# Answer: Yes. CMILib source is available on GitHub.
# Keywords: open source, github, cmilib source code
Can CMILib be open source?

# Category: Zrips pre-sales FAQ
# URL: https://www.zrips.net/faq/
# Answer: No refunds are offered, so review features before purchasing.
# Keywords: refund, chargeback, money back, return policy
Can I get a refund, the plugin isn't what I expected?

# Category: Zrips pre-sales FAQ
# URL: https://www.zrips.net/faq/
# Answer: No trial version is available. Use reviews and public information to judge before buying.
# Keywords: trial, demo, test before buying, tryware, freeware
Can I try a premium plugins out before buying, I don't want to waste money if I can't refund it?

# Category: Zrips pre-sales FAQ
# URL: https://www.zrips.net/faq/
# Answer: No discount is currently available unless there is a limited-time sale.
# Keywords: discount, coupon, sale, price reduction
Can I get a discount?

# Category: Zrips pre-sales FAQ
# URL: https://www.zrips.net/faq/
# Answer: There are no current plans to raise prices, but value and updates can affect pricing over time.
# Keywords: price increase, future pricing, cost
Will plugin x get more expensive in the future?

# Category: Zrips pre-sales FAQ
# URL: https://www.zrips.net/faq/
# Answer: No. You do not need to buy the plugin again for newer supported Minecraft versions.
# Keywords: upgrade license, new version, 1.21, updates, repurchase
If I buy the plugin for 1.20.1 and 1.21 comes out, do I have to buy it again?

# Category: Zrips pre-sales FAQ
# URL: https://www.zrips.net/faq/
# Answer: Older versions are not the main focus. Use official Spigot or Paper builds for 1.8.8 and expect some limitations.
# Keywords: legacy support, 1.8, compatibility, old versions
It says that it runs on 1.8 but it doesn't!

# Category: Zrips pre-sales FAQ
# URL: https://www.zrips.net/faq/
# Answer: Older Minecraft versions can lose features over time and support may eventually be dropped.
# Keywords: future support, 1.8, 1.10, 1.13, backwards compatibility
Currently 1.20.1 is the latest, will your plugin always support 1.8 or 1.10 or 1.13?

# Category: Zrips pre-sales FAQ
# URL: https://www.zrips.net/faq/
# Answer: Only Spigot and Paper are officially supported. Modded forks may work, but it is not guaranteed.
# Keywords: forge, fabric, modded, magma, unsupported server fork
I use a modded server fork or forge, or something that's not Spigot / Paper, will it work?
